#
# A fatal error has been detected by the Java Runtime Environment:
#
#  EXCEPTION_ACCESS_VIOLATION (0xc0000005) at pc=0x00007ffd12a05550, pid=7516, tid=8344
#
# JRE version: Java(TM) SE Runtime Environment (15.0+36) (build 15+36-1562)
# Java VM: Java HotSpot(TM) 64-Bit Server VM (15+36-1562, mixed mode, sharing, tiered, compressed oops, g1 gc, windows-amd64)
# Problematic frame:
# C  [nvoglv64.dll+0xee5550]
#
# No core dump will be written. Minidumps are not enabled by default on client versions of Windows
#
# If you would like to submit a bug report, please visit:
#   https://bugreport.java.com/bugreport/crash.jsp
# The crash happened outside the Java Virtual Machine in native code.
# See problematic frame for where to report the bug.
#

---------------  S U M M A R Y ------------

Command Line: -javaagent:J:\IntelliJ IDEA Community Edition 2022.3.1\lib\idea_rt.jar=50383:J:\IntelliJ IDEA Community Edition 2022.3.1\bin -Dfile.encoding=UTF-8 test.yaw.RotatingObj

Host: Intel(R) Core(TM) i5-8265U CPU @ 1.60GHz, 8 cores, 7G,  Windows 10 , 64 bit Build 19041 (10.0.19041.2546)
Time: Sun Mar 26 12:41:35 2023 Paris, Madrid (heure d’été) elapsed time: 1.954570 seconds (0d 0h 0m 1s)

---------------  T H R E A D  ---------------

Current thread (0x000001541def7010):  JavaThread "main" [_thread_in_native, id=8344, stack(0x0000001b5f700000,0x0000001b5f800000)]

Stack: [0x0000001b5f700000,0x0000001b5f800000],  sp=0x0000001b5f7feb80,  free space=1018k
Native frames: (J=compiled Java code, j=interpreted, Vv=VM code, C=native code)
C  [nvoglv64.dll+0xee5550]

Java frames: (J=compiled Java code, j=interpreted, Vv=VM code)
j  org.lwjgl.opengl.GL11C.nglDrawElements(IIIJ)V+0
j  org.lwjgl.opengl.GL11C.glDrawElements(IIIJ)V+4
j  org.lwjgl.opengl.GL11.glDrawElements(IIIJ)V+4
j  yaw.engine.mesh.Mesh.renderHelperSummit(Ljava/util/List;Lyaw/engine/camera/Camera;Lyaw/engine/shader/ShaderManager;)V+99
j  yaw.engine.mesh.Mesh.renderAds(Ljava/util/List;Lyaw/engine/camera/Camera;Lyaw/engine/shader/ShaderManager;)V+160
j  yaw.engine.SceneVertex.render(Lyaw/engine/camera/Camera;Lyaw/engine/shader/ShaderManager;)V+113
j  yaw.engine.Renderer.render(Lyaw/engine/SceneVertex;Lyaw/engine/light/SceneLight;ZLyaw/engine/camera/Camera;Lyaw/engine/skybox/Skybox;Lyaw/engine/shader/ShaderManager;)V+76
j  yaw.engine.MainLoop.loop()V+182
j  yaw.engine.MainLoop.run()V+14
j  yaw.engine.World.launchSync()V+33
j  test.yaw.RotatingObj.main([Ljava/lang/String;)V+210
v  ~StubRoutines::call_stub

siginfo: EXCEPTION_ACCESS_VIOLATION (0xc0000005), reading address 0x0000000000000000


Register to memory mapping:

RIP=0x00007ffd12a05550 nvoglv64.dll
RAX=
[error occurred during error reporting (printing register info), id 0xc0000005, EXCEPTION_ACCESS_VIOLATION (0xc0000005) at pc=0x00007ffd17247cb2]

Registers:
RAX=0x00000000ffffffe3, RBX=0x0000000000000000, RCX=0x000001543e8811a0, RDX=0x0000000000000000
RSP=0x0000001b5f7feb80, RBP=0x00000000000003ec, RSI=0x00000000000000f0, RDI=0x000001543fd28080
R8 =0x0000000000000008, R9 =0x000001543e881180, R10=0x000001543e881198, R11=0x000000000000001d
R12=0x000001543e8811a0, R13=0x0000000000001405, R14=0x00000000000003c0, R15=0x0000000000000000
RIP=0x00007ffd12a05550, EFLAGS=0x0000000000010293

Top of Stack: (sp=0x0000001b5f7feb80)
0x0000001b5f7feb80:   0000000000000000 0000000000000000
0x0000001b5f7feb90:   0000000000000000 000001543ec4f3a0
0x0000001b5f7feba0:   000001543e881140 0000000000000000
0x0000001b5f7febb0:   0000000000000000 000001542612f711
0x0000001b5f7febc0:   000001544a63a4f0 0000001b5f7fec50
0x0000001b5f7febd0:   0000000000000000 0000000000000000
0x0000001b5f7febe0:   000001541def7010 000001543cf50000
0x0000001b5f7febf0:   0000000000000000 000001542612a1aa
0x0000001b5f7fec00:   000001543ec4f3a0 000001542612f177
0x0000001b5f7fec10:   0000001b5f7feca8 0000001b5f7fec01
0x0000001b5f7fec20:   0000001b5f7fece8 000001543d172ab8
0x0000001b5f7fec30:   0000000000001405 0000000000000000
0x0000001b5f7fec40:   0000000000000000 0000001b5f7fec70
0x0000001b5f7fec50:   0000001b5f7fece0 000001542612a1aa
0x0000001b5f7fec60:   0000001b5f7fec60 0000000000000000
0x0000001b5f7fec70:   0000001b5f7fece8 000001543d17d4c8 

Instructions: (pc=0x00007ffd12a05550)
0x00007ffd12a05450:   39 00 48 8b ac 24 90 00 00 00 4c 8b b4 24 a0 00
0x00007ffd12a05460:   00 00 48 8b 9c 24 a8 00 00 00 48 83 c4 60 41 5f
0x00007ffd12a05470:   41 5d 41 5c 5f 5e c3 4c 8b 4f 40 8b c3 48 8b 4f
0x00007ffd12a05480:   50 49 2b c9 48 c1 f9 02 85 c9 0f 49 c1 c1 e0 02
0x00007ffd12a05490:   3b e8 72 0e 8b d5 48 8b cf e8 92 65 21 00 4c 8b
0x00007ffd12a054a0:   4f 40 8b c5 45 89 61 04 c1 e0 0b 83 c8 06 41 89
0x00007ffd12a054b0:   71 08 41 89 01 45 89 69 0c 4d 89 79 10 38 9c 24
0x00007ffd12a054c0:   98 00 00 00 0f 84 0f 01 00 00 4c 8b 57 40 41 8d
0x00007ffd12a054d0:   47 0f 83 e0 f0 49 83 c2 18 41 2b c7 0f 57 db d1
0x00007ffd12a054e0:   f8 49 8b d7 44 8b c6 66 0f 7f 5c 24 50 49 8d 4a
0x00007ffd12a054f0:   04 03 c1 49 8d 4a 04 f7 d8 83 e0 0f 48 03 c8 4c
0x00007ffd12a05500:   8b e1 41 f6 c7 0f 74 1c 45 85 c0 74 17 8b 02 41
0x00007ffd12a05510:   ff c8 66 89 01 0b d8 48 83 c1 02 48 83 c2 04 f6
0x00007ffd12a05520:   c2 0f 75 e4 41 83 f8 08 7e 6a 66 0f 6f 25 4e ed
0x00007ffd12a05530:   a9 01 41 8d 40 f7 66 0f 6f 2d 52 ed a9 01 c1 e8
0x00007ffd12a05540:   03 ff c0 44 8b d8 f7 d8 45 8d 04 c0 0f 1f 40 00
0x00007ffd12a05550:   f3 0f 6f 12 f3 0f 6f 4a 10 66 0f 6f c2 66 0f eb
0x00007ffd12a05560:   c3 48 83 c2 20 66 0f 6f d8 66 0f eb d9 0f 18 02
0x00007ffd12a05570:   66 0f fe d4 66 0f fe cc 66 0f 6b d1 66 0f fd d5
0x00007ffd12a05580:   f3 0f 7f 11 48 83 c1 10 49 83 eb 01 75 c2 66 0f
0x00007ffd12a05590:   7f 5c 24 50 8b 44 24 5c 0b 44 24 58 0b 44 24 54
0x00007ffd12a055a0:   0b 44 24 50 0b d8 45 85 c0 74 1a 0f 1f 44 00 00
0x00007ffd12a055b0:   8b 02 0b d8 66 89 01 48 8d 49 02 48 8d 52 04 41
0x00007ffd12a055c0:   83 e8 01 75 eb 45 2b e2 45 89 22 f7 c3 00 00 ff
0x00007ffd12a055d0:   ff 74 46 ff 87 6c 0c 8e 00 48 8b 5f 40 49 8b d7
0x00007ffd12a055e0:   4d 63 c6 48 8d 4b 1c e8 04 55 a3 00 c7 43 18 04
0x00007ffd12a055f0:   00 00 00 48 63 c5 48 83 e0 fc 48 01 47 40 48 8b
0x00007ffd12a05600:   47 40 48 3b 47 48 0f 82 46 fe ff ff 48 8b cf e8
0x00007ffd12a05610:   5c 60 21 00 e9 39 fe ff ff 41 c7 41 0c 03 14 00
0x00007ffd12a05620:   00 41 8b 2a 48 8b 47 40 83 c5 03 8d 6c 75 00 83
0x00007ffd12a05630:   e5 fc 83 c5 18 8b cd c1 e1 0b 83 c9 06 89 08 8b
0x00007ffd12a05640:   87 6c 0c 8e 00 85 c0 74 aa ff c8 89 87 6c 0c 8e 


Stack slot to memory mapping:
stack at sp + 0 slots: 0x0 is NULL
stack at sp + 1 slots: 0x0 is NULL
stack at sp + 2 slots: 0x0 is NULL
stack at sp + 3 slots: 0x000001543ec4f3a0 points into unknown readable memory: 0x000000003f800000 | 00 00 80 3f 00 00 00 00
stack at sp + 4 slots: 0x000001543e881140 points into unknown readable memory: 0x000000003f800000 | 00 00 80 3f 00 00 00 00
stack at sp + 5 slots: 0x0 is NULL
stack at sp + 6 slots: 0x0 is NULL
stack at sp + 7 slots: 0x000001542612f711 is at code_begin+2481 in an Interpreter codelet
method entry point (kind = native)  [0x000001542612ed60, 0x000001542612f7e0]  2688 bytes


---------------  P R O C E S S  ---------------

Threads class SMR info:
_java_thread_list=0x00000154498988a0, length=15, elements={
0x000001541def7010, 0x000001543c9269a0, 0x000001543c927570, 0x000001543c93cca0,
0x000001543c93f670, 0x000001543c941130, 0x000001543c94a7f0, 0x000001543c94b290,
0x000001543c95c460, 0x000001543d4c9670, 0x000001543d8cc010, 0x000001543d8cc4e0,
0x000001543ec55870, 0x000001543ee59a90, 0x0000015449911240
}

Java Threads: ( => current thread )
=>0x000001541def7010 JavaThread "main" [_thread_in_native, id=8344, stack(0x0000001b5f700000,0x0000001b5f800000)]
  0x000001543c9269a0 JavaThread "Reference Handler" daemon [_thread_blocked, id=6760, stack(0x0000001b5fe00000,0x0000001b5ff00000)]
  0x000001543c927570 JavaThread "Finalizer" daemon [_thread_blocked, id=10344, stack(0x0000001b5ff00000,0x0000001b60000000)]
  0x000001543c93cca0 JavaThread "Signal Dispatcher" daemon [_thread_blocked, id=6748, stack(0x0000001b60000000,0x0000001b60100000)]
  0x000001543c93f670 JavaThread "Attach Listener" daemon [_thread_blocked, id=3336, stack(0x0000001b60100000,0x0000001b60200000)]
  0x000001543c941130 JavaThread "Service Thread" daemon [_thread_blocked, id=4924, stack(0x0000001b60200000,0x0000001b60300000)]
  0x000001543c94a7f0 JavaThread "C2 CompilerThread0" daemon [_thread_blocked, id=11980, stack(0x0000001b60300000,0x0000001b60400000)]
  0x000001543c94b290 JavaThread "C1 CompilerThread0" daemon [_thread_blocked, id=148, stack(0x0000001b60400000,0x0000001b60500000)]
  0x000001543c95c460 JavaThread "Sweeper thread" daemon [_thread_blocked, id=10920, stack(0x0000001b60500000,0x0000001b60600000)]
  0x000001543d4c9670 JavaThread "Common-Cleaner" daemon [_thread_blocked, id=11252, stack(0x0000001b60600000,0x0000001b60700000)]
  0x000001543d8cc010 JavaThread "Monitor Ctrl-Break" daemon [_thread_in_native, id=6448, stack(0x0000001b60800000,0x0000001b60900000)]
  0x000001543d8cc4e0 JavaThread "Notification Thread" daemon [_thread_blocked, id=7420, stack(0x0000001b60900000,0x0000001b60a00000)]
  0x000001543ec55870 JavaThread "C2 CompilerThread1" daemon [_thread_blocked, id=6952, stack(0x0000001b60700000,0x0000001b60800000)]
  0x000001543ee59a90 JavaThread "C2 CompilerThread2" daemon [_thread_blocked, id=5676, stack(0x0000001b61720000,0x0000001b61820000)]
  0x0000015449911240 JavaThread "Thread-0" daemon [_thread_in_native, id=4700, stack(0x0000001b60e00000,0x0000001b60f00000)]

Other Threads:
  0x000001543c923110 VMThread "VM Thread" [stack: 0x0000001b5fd00000,0x0000001b5fe00000] [id=6896]
  0x000001541def8140 WatcherThread [stack: 0x0000001b60a00000,0x0000001b60b00000] [id=1180]
  0x000001541df35990 GCTaskThread "GC Thread#0" [stack: 0x0000001b5f800000,0x0000001b5f900000] [id=2932]
  0x000001543d4f6890 GCTaskThread "GC Thread#1" [stack: 0x0000001b61820000,0x0000001b61920000] [id=7400]
  0x000001543d4f7550 GCTaskThread "GC Thread#2" [stack: 0x0000001b61920000,0x0000001b61a20000] [id=8096]
  0x000001541df46660 ConcurrentGCThread "G1 Main Marker" [stack: 0x0000001b5f900000,0x0000001b5fa00000] [id=11236]
  0x000001541df479f0 ConcurrentGCThread "G1 Conc#0" [stack: 0x0000001b5fa00000,0x0000001b5fb00000] [id=7288]
  0x000001541dfbe450 ConcurrentGCThread "G1 Refine#0" [stack: 0x0000001b5fb00000,0x0000001b5fc00000] [id=696]
  0x000001543c794210 ConcurrentGCThread "G1 Young RemSet Sampling" [stack: 0x0000001b5fc00000,0x0000001b5fd00000] [id=6988]

Threads with active compile tasks:

VM state: not at safepoint (normal execution)

VM Mutex/Monitor currently owned by a thread: None

Heap address: 0x0000000082400000, size: 2012 MB, Compressed Oops mode: 32-bit
CDS archive(s) mapped at: [0x0000000800000000-0x0000000800b50000-0x0000000800b50000), size 11862016, SharedBaseAddress: 0x0000000800000000, ArchiveRelocationMode: 0.
Compressed class space mapped at: 0x0000000800b50000-0x0000000840b50000, size: 1073741824
Narrow klass base: 0x0000000800000000, Narrow klass shift: 3, Narrow klass range: 0x100000000

GC Precious Log:
 CPUs: 8 total, 8 available
 Memory: 8042M
 Large Page Support: Disabled
 NUMA Support: Disabled
 Compressed Oops: Enabled (32-bit)
 Heap Region Size: 1M
 Heap Min Capacity: 8M
 Heap Initial Capacity: 126M
 Heap Max Capacity: 2012M
 Pre-touch: Disabled
 Parallel Workers: 8
 Concurrent Workers: 2
 Concurrent Refinement Workers: 8
 Periodic GC: Disabled

Heap:
 garbage-first heap   total 129024K, used 7047K [0x0000000082400000, 0x0000000100000000)
  region size 1024K, 7 young (7168K), 3 survivors (3072K)
 Metaspace       used 7581K, capacity 9581K, committed 9856K, reserved 1058816K
  class space    used 423K, capacity 636K, committed 640K, reserved 1048576K

Heap Regions: E=young(eden), S=young(survivor), O=old, HS=humongous(starts), HC=humongous(continues), CS=collection set, F=free, OA=open archive, CA=closed archive, TAMS=top-at-mark-start (previous, next)
|   0|0x0000000082400000, 0x00000000824e1e00, 0x0000000082500000| 88%| O|  |TAMS 0x0000000082400000, 0x0000000082400000| Untracked 
|   1|0x0000000082500000, 0x0000000082500000, 0x0000000082600000|  0%| F|  |TAMS 0x0000000082500000, 0x0000000082500000| Untracked 
|   2|0x0000000082600000, 0x0000000082600000, 0x0000000082700000|  0%| F|  |TAMS 0x0000000082600000, 0x0000000082600000| Untracked 
|   3|0x0000000082700000, 0x0000000082700000, 0x0000000082800000|  0%| F|  |TAMS 0x0000000082700000, 0x0000000082700000| Untracked 
|   4|0x0000000082800000, 0x0000000082800000, 0x0000000082900000|  0%| F|  |TAMS 0x0000000082800000, 0x0000000082800000| Untracked 
|   5|0x0000000082900000, 0x0000000082900000, 0x0000000082a00000|  0%| F|  |TAMS 0x0000000082900000, 0x0000000082900000| Untracked 
|   6|0x0000000082a00000, 0x0000000082a00000, 0x0000000082b00000|  0%| F|  |TAMS 0x0000000082a00000, 0x0000000082a00000| Untracked 
|   7|0x0000000082b00000, 0x0000000082b00000, 0x0000000082c00000|  0%| F|  |TAMS 0x0000000082b00000, 0x0000000082b00000| Untracked 
|   8|0x0000000082c00000, 0x0000000082c00000, 0x0000000082d00000|  0%| F|  |TAMS 0x0000000082c00000, 0x0000000082c00000| Untracked 
|   9|0x0000000082d00000, 0x0000000082d00000, 0x0000000082e00000|  0%| F|  |TAMS 0x0000000082d00000, 0x0000000082d00000| Untracked 
|  10|0x0000000082e00000, 0x0000000082e00000, 0x0000000082f00000|  0%| F|  |TAMS 0x0000000082e00000, 0x0000000082e00000| Untracked 
|  11|0x0000000082f00000, 0x0000000082f00000, 0x0000000083000000|  0%| F|  |TAMS 0x0000000082f00000, 0x0000000082f00000| Untracked 
|  12|0x0000000083000000, 0x0000000083000000, 0x0000000083100000|  0%| F|  |TAMS 0x0000000083000000, 0x0000000083000000| Untracked 
|  13|0x0000000083100000, 0x0000000083100000, 0x0000000083200000|  0%| F|  |TAMS 0x0000000083100000, 0x0000000083100000| Untracked 
|  14|0x0000000083200000, 0x0000000083200000, 0x0000000083300000|  0%| F|  |TAMS 0x0000000083200000, 0x0000000083200000| Untracked 
|  15|0x0000000083300000, 0x0000000083300000, 0x0000000083400000|  0%| F|  |TAMS 0x0000000083300000, 0x0000000083300000| Untracked 
|  16|0x0000000083400000, 0x0000000083400000, 0x0000000083500000|  0%| F|  |TAMS 0x0000000083400000, 0x0000000083400000| Untracked 
|  17|0x0000000083500000, 0x0000000083500000, 0x0000000083600000|  0%| F|  |TAMS 0x0000000083500000, 0x0000000083500000| Untracked 
|  18|0x0000000083600000, 0x0000000083600000, 0x0000000083700000|  0%| F|  |TAMS 0x0000000083600000, 0x0000000083600000| Untracked 
|  19|0x0000000083700000, 0x0000000083700000, 0x0000000083800000|  0%| F|  |TAMS 0x0000000083700000, 0x0000000083700000| Untracked 
|  20|0x0000000083800000, 0x0000000083800000, 0x0000000083900000|  0%| F|  |TAMS 0x0000000083800000, 0x0000000083800000| Untracked 
|  21|0x0000000083900000, 0x0000000083900000, 0x0000000083a00000|  0%| F|  |TAMS 0x0000000083900000, 0x0000000083900000| Untracked 
|  22|0x0000000083a00000, 0x0000000083a00000, 0x0000000083b00000|  0%| F|  |TAMS 0x0000000083a00000, 0x0000000083a00000| Untracked 
|  23|0x0000000083b00000, 0x0000000083b00000, 0x0000000083c00000|  0%| F|  |TAMS 0x0000000083b00000, 0x0000000083b00000| Untracked 
|  24|0x0000000083c00000, 0x0000000083c00000, 0x0000000083d00000|  0%| F|  |TAMS 0x0000000083c00000, 0x0000000083c00000| Untracked 
|  25|0x0000000083d00000, 0x0000000083d00000, 0x0000000083e00000|  0%| F|  |TAMS 0x0000000083d00000, 0x0000000083d00000| Untracked 
|  26|0x0000000083e00000, 0x0000000083e00000, 0x0000000083f00000|  0%| F|  |TAMS 0x0000000083e00000, 0x0000000083e00000| Untracked 
|  27|0x0000000083f00000, 0x0000000083f00000, 0x0000000084000000|  0%| F|  |TAMS 0x0000000083f00000, 0x0000000083f00000| Untracked 
|  28|0x0000000084000000, 0x0000000084000000, 0x0000000084100000|  0%| F|  |TAMS 0x0000000084000000, 0x0000000084000000| Untracked 
|  29|0x0000000084100000, 0x0000000084100000, 0x0000000084200000|  0%| F|  |TAMS 0x0000000084100000, 0x0000000084100000| Untracked 
|  30|0x0000000084200000, 0x0000000084200000, 0x0000000084300000|  0%| F|  |TAMS 0x0000000084200000, 0x0000000084200000| Untracked 
|  31|0x0000000084300000, 0x0000000084300000, 0x0000000084400000|  0%| F|  |TAMS 0x0000000084300000, 0x0000000084300000| Untracked 
|  32|0x0000000084400000, 0x0000000084400000, 0x0000000084500000|  0%| F|  |TAMS 0x0000000084400000, 0x0000000084400000| Untracked 
|  33|0x0000000084500000, 0x0000000084500000, 0x0000000084600000|  0%| F|  |TAMS 0x0000000084500000, 0x0000000084500000| Untracked 
|  34|0x0000000084600000, 0x0000000084600000, 0x0000000084700000|  0%| F|  |TAMS 0x0000000084600000, 0x0000000084600000| Untracked 
|  35|0x0000000084700000, 0x0000000084700000, 0x0000000084800000|  0%| F|  |TAMS 0x0000000084700000, 0x0000000084700000| Untracked 
|  36|0x0000000084800000, 0x0000000084800000, 0x0000000084900000|  0%| F|  |TAMS 0x0000000084800000, 0x0000000084800000| Untracked 
|  37|0x0000000084900000, 0x0000000084900000, 0x0000000084a00000|  0%| F|  |TAMS 0x0000000084900000, 0x0000000084900000| Untracked 
|  38|0x0000000084a00000, 0x0000000084a00000, 0x0000000084b00000|  0%| F|  |TAMS 0x0000000084a00000, 0x0000000084a00000| Untracked 
|  39|0x0000000084b00000, 0x0000000084b00000, 0x0000000084c00000|  0%| F|  |TAMS 0x0000000084b00000, 0x0000000084b00000| Untracked 
|  40|0x0000000084c00000, 0x0000000084c00000, 0x0000000084d00000|  0%| F|  |TAMS 0x0000000084c00000, 0x0000000084c00000| Untracked 
|  41|0x0000000084d00000, 0x0000000084d00000, 0x0000000084e00000|  0%| F|  |TAMS 0x0000000084d00000, 0x0000000084d00000| Untracked 
|  42|0x0000000084e00000, 0x0000000084e00000, 0x0000000084f00000|  0%| F|  |TAMS 0x0000000084e00000, 0x0000000084e00000| Untracked 
|  43|0x0000000084f00000, 0x0000000084f00000, 0x0000000085000000|  0%| F|  |TAMS 0x0000000084f00000, 0x0000000084f00000| Untracked 
|  44|0x0000000085000000, 0x0000000085000000, 0x0000000085100000|  0%| F|  |TAMS 0x0000000085000000, 0x0000000085000000| Untracked 
|  45|0x0000000085100000, 0x0000000085100000, 0x0000000085200000|  0%| F|  |TAMS 0x0000000085100000, 0x0000000085100000| Untracked 
|  46|0x0000000085200000, 0x0000000085200000, 0x0000000085300000|  0%| F|  |TAMS 0x0000000085200000, 0x0000000085200000| Untracked 
|  47|0x0000000085300000, 0x0000000085300000, 0x0000000085400000|  0%| F|  |TAMS 0x0000000085300000, 0x0000000085300000| Untracked 
|  48|0x0000000085400000, 0x0000000085400000, 0x0000000085500000|  0%| F|  |TAMS 0x0000000085400000, 0x0000000085400000| Untracked 
|  49|0x0000000085500000, 0x0000000085500000, 0x0000000085600000|  0%| F|  |TAMS 0x0000000085500000, 0x0000000085500000| Untracked 
|  50|0x0000000085600000, 0x0000000085600000, 0x0000000085700000|  0%| F|  |TAMS 0x0000000085600000, 0x0000000085600000| Untracked 
|  51|0x0000000085700000, 0x0000000085700000, 0x0000000085800000|  0%| F|  |TAMS 0x0000000085700000, 0x0000000085700000| Untracked 
|  52|0x0000000085800000, 0x0000000085800000, 0x0000000085900000|  0%| F|  |TAMS 0x0000000085800000, 0x0000000085800000| Untracked 
|  53|0x0000000085900000, 0x0000000085900000, 0x0000000085a00000|  0%| F|  |TAMS 0x0000000085900000, 0x0000000085900000| Untracked 
|  54|0x0000000085a00000, 0x0000000085a00000, 0x0000000085b00000|  0%| F|  |TAMS 0x0000000085a00000, 0x0000000085a00000| Untracked 
|  55|0x0000000085b00000, 0x0000000085b00000, 0x0000000085c00000|  0%| F|  |TAMS 0x0000000085b00000, 0x0000000085b00000| Untracked 
|  56|0x0000000085c00000, 0x0000000085c00000, 0x0000000085d00000|  0%| F|  |TAMS 0x0000000085c00000, 0x0000000085c00000| Untracked 
|  57|0x0000000085d00000, 0x0000000085d00000, 0x0000000085e00000|  0%| F|  |TAMS 0x0000000085d00000, 0x0000000085d00000| Untracked 
|  58|0x0000000085e00000, 0x0000000085e00000, 0x0000000085f00000|  0%| F|  |TAMS 0x0000000085e00000, 0x0000000085e00000| Untracked 
|  59|0x0000000085f00000, 0x0000000085f00000, 0x0000000086000000|  0%| F|  |TAMS 0x0000000085f00000, 0x0000000085f00000| Untracked 
|  60|0x0000000086000000, 0x0000000086000000, 0x0000000086100000|  0%| F|  |TAMS 0x0000000086000000, 0x0000000086000000| Untracked 
|  61|0x0000000086100000, 0x0000000086100000, 0x0000000086200000|  0%| F|  |TAMS 0x0000000086100000, 0x0000000086100000| Untracked 
|  62|0x0000000086200000, 0x0000000086200000, 0x0000000086300000|  0%| F|  |TAMS 0x0000000086200000, 0x0000000086200000| Untracked 
|  63|0x0000000086300000, 0x0000000086300000, 0x0000000086400000|  0%| F|  |TAMS 0x0000000086300000, 0x0000000086300000| Untracked 
|  64|0x0000000086400000, 0x0000000086400000, 0x0000000086500000|  0%| F|  |TAMS 0x0000000086400000, 0x0000000086400000| Untracked 
|  65|0x0000000086500000, 0x0000000086500000, 0x0000000086600000|  0%| F|  |TAMS 0x0000000086500000, 0x0000000086500000| Untracked 
|  66|0x0000000086600000, 0x0000000086600000, 0x0000000086700000|  0%| F|  |TAMS 0x0000000086600000, 0x0000000086600000| Untracked 
|  67|0x0000000086700000, 0x0000000086700000, 0x0000000086800000|  0%| F|  |TAMS 0x0000000086700000, 0x0000000086700000| Untracked 
|  68|0x0000000086800000, 0x0000000086800000, 0x0000000086900000|  0%| F|  |TAMS 0x0000000086800000, 0x0000000086800000| Untracked 
|  69|0x0000000086900000, 0x0000000086900000, 0x0000000086a00000|  0%| F|  |TAMS 0x0000000086900000, 0x0000000086900000| Untracked 
|  70|0x0000000086a00000, 0x0000000086a00000, 0x0000000086b00000|  0%| F|  |TAMS 0x0000000086a00000, 0x0000000086a00000| Untracked 
|  71|0x0000000086b00000, 0x0000000086b00000, 0x0000000086c00000|  0%| F|  |TAMS 0x0000000086b00000, 0x0000000086b00000| Untracked 
|  72|0x0000000086c00000, 0x0000000086c00000, 0x0000000086d00000|  0%| F|  |TAMS 0x0000000086c00000, 0x0000000086c00000| Untracked 
|  73|0x0000000086d00000, 0x0000000086d00000, 0x0000000086e00000|  0%| F|  |TAMS 0x0000000086d00000, 0x0000000086d00000| Untracked 
|  74|0x0000000086e00000, 0x0000000086e00000, 0x0000000086f00000|  0%| F|  |TAMS 0x0000000086e00000, 0x0000000086e00000| Untracked 
|  75|0x0000000086f00000, 0x0000000086f00000, 0x0000000087000000|  0%| F|  |TAMS 0x0000000086f00000, 0x0000000086f00000| Untracked 
|  76|0x0000000087000000, 0x0000000087000000, 0x0000000087100000|  0%| F|  |TAMS 0x0000000087000000, 0x0000000087000000| Untracked 
|  77|0x0000000087100000, 0x0000000087100000, 0x0000000087200000|  0%| F|  |TAMS 0x0000000087100000, 0x0000000087100000| Untracked 
|  78|0x0000000087200000, 0x0000000087200000, 0x0000000087300000|  0%| F|  |TAMS 0x0000000087200000, 0x0000000087200000| Untracked 
|  79|0x0000000087300000, 0x0000000087300000, 0x0000000087400000|  0%| F|  |TAMS 0x0000000087300000, 0x0000000087300000| Untracked 
|  80|0x0000000087400000, 0x0000000087400000, 0x0000000087500000|  0%| F|  |TAMS 0x0000000087400000, 0x0000000087400000| Untracked 
|  81|0x0000000087500000, 0x0000000087500000, 0x0000000087600000|  0%| F|  |TAMS 0x0000000087500000, 0x0000000087500000| Untracked 
|  82|0x0000000087600000, 0x0000000087600000, 0x0000000087700000|  0%| F|  |TAMS 0x0000000087600000, 0x0000000087600000| Untracked 
|  83|0x0000000087700000, 0x0000000087700000, 0x0000000087800000|  0%| F|  |TAMS 0x0000000087700000, 0x0000000087700000| Untracked 
|  84|0x0000000087800000, 0x0000000087800000, 0x0000000087900000|  0%| F|  |TAMS 0x0000000087800000, 0x0000000087800000| Untracked 
|  85|0x0000000087900000, 0x0000000087900000, 0x0000000087a00000|  0%| F|  |TAMS 0x0000000087900000, 0x0000000087900000| Untracked 
|  86|0x0000000087a00000, 0x0000000087a00000, 0x0000000087b00000|  0%| F|  |TAMS 0x0000000087a00000, 0x0000000087a00000| Untracked 
|  87|0x0000000087b00000, 0x0000000087b00000, 0x0000000087c00000|  0%| F|  |TAMS 0x0000000087b00000, 0x0000000087b00000| Untracked 
|  88|0x0000000087c00000, 0x0000000087c00000, 0x0000000087d00000|  0%| F|  |TAMS 0x0000000087c00000, 0x0000000087c00000| Untracked 
|  89|0x0000000087d00000, 0x0000000087d00000, 0x0000000087e00000|  0%| F|  |TAMS 0x0000000087d00000, 0x0000000087d00000| Untracked 
|  90|0x0000000087e00000, 0x0000000087e00000, 0x0000000087f00000|  0%| F|  |TAMS 0x0000000087e00000, 0x0000000087e00000| Untracked 
|  91|0x0000000087f00000, 0x0000000087f00000, 0x0000000088000000|  0%| F|  |TAMS 0x0000000087f00000, 0x0000000087f00000| Untracked 
|  92|0x0000000088000000, 0x0000000088000000, 0x0000000088100000|  0%| F|  |TAMS 0x0000000088000000, 0x0000000088000000| Untracked 
|  93|0x0000000088100000, 0x0000000088100000, 0x0000000088200000|  0%| F|  |TAMS 0x0000000088100000, 0x0000000088100000| Untracked 
|  94|0x0000000088200000, 0x0000000088200000, 0x0000000088300000|  0%| F|  |TAMS 0x0000000088200000, 0x0000000088200000| Untracked 
|  95|0x0000000088300000, 0x0000000088300000, 0x0000000088400000|  0%| F|  |TAMS 0x0000000088300000, 0x0000000088300000| Untracked 
|  96|0x0000000088400000, 0x0000000088400000, 0x0000000088500000|  0%| F|  |TAMS 0x0000000088400000, 0x0000000088400000| Untracked 
|  97|0x0000000088500000, 0x0000000088500000, 0x0000000088600000|  0%| F|  |TAMS 0x0000000088500000, 0x0000000088500000| Untracked 
|  98|0x0000000088600000, 0x0000000088600000, 0x0000000088700000|  0%| F|  |TAMS 0x0000000088600000, 0x0000000088600000| Untracked 
|  99|0x0000000088700000, 0x0000000088700000, 0x0000000088800000|  0%| F|  |TAMS 0x0000000088700000, 0x0000000088700000| Untracked 
| 100|0x0000000088800000, 0x0000000088900000, 0x0000000088900000|100%| S|CS|TAMS 0x0000000088800000, 0x0000000088800000| Complete 
| 101|0x0000000088900000, 0x0000000088a00000, 0x0000000088a00000|100%| S|CS|TAMS 0x0000000088900000, 0x0000000088900000| Complete 
| 102|0x0000000088a00000, 0x0000000088b00000, 0x0000000088b00000|100%| S|CS|TAMS 0x0000000088a00000, 0x0000000088a00000| Complete 
| 103|0x0000000088b00000, 0x0000000088b00000, 0x0000000088c00000|  0%| F|  |TAMS 0x0000000088b00000, 0x0000000088b00000| Untracked 
| 104|0x0000000088c00000, 0x0000000088c00000, 0x0000000088d00000|  0%| F|  |TAMS 0x0000000088c00000, 0x0000000088c00000| Untracked 
| 105|0x0000000088d00000, 0x0000000088d00000, 0x0000000088e00000|  0%| F|  |TAMS 0x0000000088d00000, 0x0000000088d00000| Untracked 
| 106|0x0000000088e00000, 0x0000000088e00000, 0x0000000088f00000|  0%| F|  |TAMS 0x0000000088e00000, 0x0000000088e00000| Untracked 
| 107|0x0000000088f00000, 0x0000000088f00000, 0x0000000089000000|  0%| F|  |TAMS 0x0000000088f00000, 0x0000000088f00000| Untracked 
| 108|0x0000000089000000, 0x0000000089000000, 0x0000000089100000|  0%| F|  |TAMS 0x0000000089000000, 0x0000000089000000| Untracked 
| 109|0x0000000089100000, 0x0000000089100000, 0x0000000089200000|  0%| F|  |TAMS 0x0000000089100000, 0x0000000089100000| Untracked 
| 110|0x0000000089200000, 0x0000000089200000, 0x0000000089300000|  0%| F|  |TAMS 0x0000000089200000, 0x0000000089200000| Untracked 
| 111|0x0000000089300000, 0x0000000089300000, 0x0000000089400000|  0%| F|  |TAMS 0x0000000089300000, 0x0000000089300000| Untracked 
| 112|0x0000000089400000, 0x0000000089400000, 0x0000000089500000|  0%| F|  |TAMS 0x0000000089400000, 0x0000000089400000| Untracked 
| 113|0x0000000089500000, 0x0000000089500000, 0x0000000089600000|  0%| F|  |TAMS 0x0000000089500000, 0x0000000089500000| Untracked 
| 114|0x0000000089600000, 0x0000000089600000, 0x0000000089700000|  0%| F|  |TAMS 0x0000000089600000, 0x0000000089600000| Untracked 
| 115|0x0000000089700000, 0x0000000089700000, 0x0000000089800000|  0%| F|  |TAMS 0x0000000089700000, 0x0000000089700000| Untracked 
| 116|0x0000000089800000, 0x0000000089800000, 0x0000000089900000|  0%| F|  |TAMS 0x0000000089800000, 0x0000000089800000| Untracked 
| 117|0x0000000089900000, 0x0000000089900000, 0x0000000089a00000|  0%| F|  |TAMS 0x0000000089900000, 0x0000000089900000| Untracked 
| 118|0x0000000089a00000, 0x0000000089a00000, 0x0000000089b00000|  0%| F|  |TAMS 0x0000000089a00000, 0x0000000089a00000| Untracked 
| 119|0x0000000089b00000, 0x0000000089b00000, 0x0000000089c00000|  0%| F|  |TAMS 0x0000000089b00000, 0x0000000089b00000| Untracked 
| 120|0x0000000089c00000, 0x0000000089c00000, 0x0000000089d00000|  0%| F|  |TAMS 0x0000000089c00000, 0x0000000089c00000| Untracked 
| 121|0x0000000089d00000, 0x0000000089d00000, 0x0000000089e00000|  0%| F|  |TAMS 0x0000000089d00000, 0x0000000089d00000| Untracked 
| 122|0x0000000089e00000, 0x0000000089e32000, 0x0000000089f00000| 19%| E|  |TAMS 0x0000000089e00000, 0x0000000089e00000| Complete 
| 123|0x0000000089f00000, 0x000000008a000000, 0x000000008a000000|100%| E|CS|TAMS 0x0000000089f00000, 0x0000000089f00000| Complete 
| 124|0x000000008a000000, 0x000000008a100000, 0x000000008a100000|100%| E|CS|TAMS 0x000000008a000000, 0x000000008a000000| Complete 
| 125|0x000000008a100000, 0x000000008a200000, 0x000000008a200000|100%| E|CS|TAMS 0x000000008a100000, 0x000000008a100000| Complete 

Card table byte_map: [0x0000015435840000,0x0000015435c30000] _byte_map_base: 0x000001543542e000

Marking Bits (Prev, Next): (CMBitMap*) 0x000001541df36180, (CMBitMap*) 0x000001541df361c0
 Prev Bits: [0x0000015436020000, 0x0000015437f90000)
 Next Bits: [0x0000015437f90000, 0x0000015439f00000)

Polling page: 0x000001541c080000

Metaspace:

Usage:
  Non-class:      8.74 MB capacity,     6.99 MB ( 80%) used,     1.73 MB ( 20%) free+waste,    11.19 KB ( <1%) overhead. 
      Class:    636.00 KB capacity,   423.75 KB ( 67%) used,   208.44 KB ( 33%) free+waste,     3.81 KB ( <1%) overhead. 
       Both:      9.36 MB capacity,     7.40 MB ( 79%) used,     1.94 MB ( 21%) free+waste,    15.00 KB ( <1%) overhead. 

Virtual space:
  Non-class space:       10.00 MB reserved,       9.00 MB ( 90%) committed 
      Class space:        1.00 GB reserved,     640.00 KB ( <1%) committed 
             Both:        1.01 GB reserved,       9.62 MB ( <1%) committed 

Chunk freelists:
   Non-Class:  79.00 KB
       Class:  4.00 KB
        Both:  83.00 KB

MaxMetaspaceSize: 17179869184.00 GB
CompressedClassSpaceSize: 1.00 GB

CodeHeap 'non-profiled nmethods': size=120000Kb used=454Kb max_used=454Kb free=119545Kb
 bounds [0x000001542dbf0000, 0x000001542de60000, 0x0000015435120000]
CodeHeap 'profiled nmethods': size=120000Kb used=1912Kb max_used=1912Kb free=118087Kb
 bounds [0x00000154266c0000, 0x0000015426930000, 0x000001542dbf0000]
CodeHeap 'non-nmethods': size=5760Kb used=1667Kb max_used=1725Kb free=4092Kb
 bounds [0x0000015426120000, 0x0000015426390000, 0x00000154266c0000]
 total_blobs=2187 nmethods=1105 adapters=995
 compilation: enabled
              stopped_count=0, restarted_count=0
 full_count=0

Compilation events (20 events):
Event: 1.912 Thread 0x000001543c94b290 1091       3       java.lang.invoke.LambdaForm$BasicType::basicType (172 bytes)
Event: 1.913 Thread 0x000001543c94b290 nmethod 1091 0x000001542689bf90 code [0x000001542689c200, 0x000001542689cc28]
Event: 1.913 Thread 0x000001543c94b290 1098       1       java.lang.AbstractStringBuilder::length (5 bytes)
Event: 1.913 Thread 0x000001543c94b290 nmethod 1098 0x000001542dc55590 code [0x000001542dc55720, 0x000001542dc557d8]
Event: 1.915 Thread 0x000001543c94b290 1099       1       org.lwjgl.system.MemoryStack::getPointer (5 bytes)
Event: 1.915 Thread 0x000001543c94b290 nmethod 1099 0x000001542dc55890 code [0x000001542dc55a20, 0x000001542dc55ad8]
Event: 1.917 Thread 0x000001543c94b290 1100       3       java.lang.invoke.MemberName::getType (19 bytes)
Event: 1.918 Thread 0x000001543c94b290 nmethod 1100 0x000001542689cf10 code [0x000001542689d0e0, 0x000001542689d478]
Event: 1.918 Thread 0x000001543c94b290 1101       3       java.util.stream.StreamOpFlag::combineOpFlags (9 bytes)
Event: 1.918 Thread 0x000001543c94b290 nmethod 1101 0x000001542689d590 code [0x000001542689d720, 0x000001542689d8d8]
Event: 1.918 Thread 0x000001543c94b290 1102       3       java.util.stream.StreamOpFlag::getMask (30 bytes)
Event: 1.918 Thread 0x000001543c94b290 nmethod 1102 0x000001542689d990 code [0x000001542689db20, 0x000001542689dc78]
Event: 1.921 Thread 0x000001543c94b290 1104       3       java.util.stream.AbstractPipeline::isParallel (8 bytes)
Event: 1.921 Thread 0x000001543c94b290 nmethod 1104 0x000001542689dd10 code [0x000001542689dea0, 0x000001542689dfb8]
Event: 1.921 Thread 0x000001543c94b290 1105       1       java.util.stream.AbstractPipeline::getStreamAndOpFlags (5 bytes)
Event: 1.921 Thread 0x000001543c94b290 nmethod 1105 0x000001542dc55f90 code [0x000001542dc56120, 0x000001542dc561d8]
Event: 1.921 Thread 0x000001543c94b290 1106       1       java.util.stream.FindOps$FindOp::getOpFlags (5 bytes)
Event: 1.921 Thread 0x000001543c94b290 nmethod 1106 0x000001542dc56290 code [0x000001542dc56420, 0x000001542dc564d8]
Event: 1.923 Thread 0x000001543ee59a90 1107       4       sun.misc.Unsafe::getLong (9 bytes)
Event: 1.924 Thread 0x000001543ee59a90 nmethod 1107 0x000001542dc56590 code [0x000001542dc56700, 0x000001542dc56778]

GC Heap History (2 events):
Event: 1.825 GC heap before
{Heap before GC invocations=0 (full 0):
 garbage-first heap   total 129024K, used 22528K [0x0000000082400000, 0x0000000100000000)
  region size 1024K, 23 young (23552K), 0 survivors (0K)
 Metaspace       used 6523K, capacity 8742K, committed 9088K, reserved 1058816K
  class space    used 378K, capacity 592K, committed 640K, reserved 1048576K
}
Event: 1.832 GC heap after
{Heap after GC invocations=1 (full 0):
 garbage-first heap   total 129024K, used 3975K [0x0000000082400000, 0x0000000100000000)
  region size 1024K, 3 young (3072K), 3 survivors (3072K)
 Metaspace       used 6523K, capacity 8742K, committed 9088K, reserved 1058816K
  class space    used 378K, capacity 592K, committed 640K, reserved 1048576K
}

Deoptimization events (20 events):
Event: 1.638 Thread 0x000001541def7010 Uncommon trap: trap_request=0xffffffde fr.pc=0x000001542dc188ec relative=0x00000000000003ac
Event: 1.638 Thread 0x000001541def7010 Uncommon trap: reason=class_check action=maybe_recompile pc=0x000001542dc188ec method=java.util.HashMap.getNode(Ljava/lang/Object;)Ljava/util/HashMap$Node; @ 63 c2
Event: 1.638 Thread 0x000001541def7010 DEOPT PACKING pc=0x000001542dc188ec sp=0x0000001b5f7fbac0
Event: 1.638 Thread 0x000001541def7010 DEOPT UNPACKING pc=0x000001542616e42f sp=0x0000001b5f7fb9d8 mode 2
Event: 1.668 Thread 0x000001541def7010 Uncommon trap: trap_request=0xffffffde fr.pc=0x000001542dc1892c relative=0x00000000000003ec
Event: 1.668 Thread 0x000001541def7010 Uncommon trap: reason=class_check action=maybe_recompile pc=0x000001542dc1892c method=java.util.HashMap.getNode(Ljava/lang/Object;)Ljava/util/HashMap$Node; @ 128 c2
Event: 1.668 Thread 0x000001541def7010 DEOPT PACKING pc=0x000001542dc1892c sp=0x0000001b5f7fdd10
Event: 1.668 Thread 0x000001541def7010 DEOPT UNPACKING pc=0x000001542616e42f sp=0x0000001b5f7fdc28 mode 2
Event: 1.856 Thread 0x000001541def7010 Uncommon trap: trap_request=0xffffff54 fr.pc=0x000001542dc48184 relative=0x00000000000015c4
Event: 1.856 Thread 0x000001541def7010 Uncommon trap: reason=speculate_null_assert action=make_not_entrant pc=0x000001542dc48184 method=java.util.jar.JarFile.getVersionedEntry(Ljava/lang/String;Ljava/util/jar/JarEntry;)Ljava/util/jar/JarEntry; @ 114 c2
Event: 1.856 Thread 0x000001541def7010 DEOPT PACKING pc=0x000001542dc48184 sp=0x0000001b5f7fdcd0
Event: 1.856 Thread 0x000001541def7010 DEOPT UNPACKING pc=0x000001542616e42f sp=0x0000001b5f7fdb70 mode 2
Event: 1.856 Thread 0x000001541def7010 Uncommon trap: trap_request=0xffffff54 fr.pc=0x000001542dc4c458 relative=0x0000000000000058
Event: 1.856 Thread 0x000001541def7010 Uncommon trap: reason=speculate_null_assert action=make_not_entrant pc=0x000001542dc4c458 method=sun.misc.Unsafe.getLong(Ljava/lang/Object;J)J @ 5 c2
Event: 1.856 Thread 0x000001541def7010 DEOPT PACKING pc=0x000001542dc4c458 sp=0x0000001b5f7fed20
Event: 1.856 Thread 0x000001541def7010 DEOPT UNPACKING pc=0x000001542616e42f sp=0x0000001b5f7feca8 mode 2
Event: 1.860 Thread 0x000001541def7010 Uncommon trap: trap_request=0xffffff54 fr.pc=0x000001542dc4c160 relative=0x0000000000000060
Event: 1.860 Thread 0x000001541def7010 Uncommon trap: reason=speculate_null_assert action=make_not_entrant pc=0x000001542dc4c160 method=sun.misc.Unsafe.putLong(Ljava/lang/Object;JJ)V @ 7 c2
Event: 1.860 Thread 0x000001541def7010 DEOPT PACKING pc=0x000001542dc4c160 sp=0x0000001b5f7fec40
Event: 1.860 Thread 0x000001541def7010 DEOPT UNPACKING pc=0x000001542616e42f sp=0x0000001b5f7febb8 mode 2

Classes unloaded (0 events):
No events

Classes redefined (0 events):
No events

Internal exceptions (20 events):
Event: 0.916 Thread 0x000001541def7010 Exception <a 'java/lang/NoSuchMethodError'{0x00000000892b9e18}: 'void java.lang.invoke.DirectMethodHandle$Holder.invokeSpecial(java.lang.Object, java.lang.Object, java.lang.Object)'> (0x00000000892b9e18) 
thrown [./open/src/hotspot/share/interpreter/linkResolver.cpp, line 782]
Event: 0.920 Thread 0x000001541def7010 Exception <a 'java/lang/NoSuchMethodError'{0x00000000892cd380}: 'java.lang.Object java.lang.invoke.DirectMethodHandle$Holder.invokeStatic(java.lang.Object, java.lang.Object, int)'> (0x00000000892cd380) 
thrown [./open/src/hotspot/share/interpreter/linkResolver.cpp, line 782]
Event: 0.922 Thread 0x000001541def7010 Exception <a 'java/lang/NoSuchMethodError'{0x00000000892d9448}: 'void java.lang.invoke.DelegatingMethodHandle$Holder.delegate(java.lang.Object, java.lang.Object, int, java.lang.Object)'> (0x00000000892d9448) 
thrown [./open/src/hotspot/share/interpreter/linkResolver.cpp, line 782]
Event: 0.923 Thread 0x000001541def7010 Exception <a 'java/lang/NoSuchMethodError'{0x00000000892dd598}: 'int java.lang.invoke.DirectMethodHandle$Holder.invokeSpecial(java.lang.Object, java.lang.Object, java.lang.Object)'> (0x00000000892dd598) 
thrown [./open/src/hotspot/share/interpreter/linkResolver.cpp, line 782]
Event: 0.974 Thread 0x000001541def7010 Exception <a 'sun/nio/fs/WindowsException'{0x00000000890033f8}> (0x00000000890033f8) 
thrown [./open/src/hotspot/share/prims/jni.cpp, line 578]
Event: 0.974 Thread 0x000001541def7010 Exception <a 'sun/nio/fs/WindowsException'{0x0000000089003958}> (0x0000000089003958) 
thrown [./open/src/hotspot/share/prims/jni.cpp, line 578]
Event: 0.992 Thread 0x000001541def7010 Exception <a 'sun/nio/fs/WindowsException'{0x0000000089027438}> (0x0000000089027438) 
thrown [./open/src/hotspot/share/prims/jni.cpp, line 578]
Event: 0.992 Thread 0x000001541def7010 Exception <a 'sun/nio/fs/WindowsException'{0x00000000890277b0}> (0x00000000890277b0) 
thrown [./open/src/hotspot/share/prims/jni.cpp, line 578]
Event: 1.008 Thread 0x000001541def7010 Exception <a 'java/lang/NoSuchMethodError'{0x00000000890c9ee8}: 'int java.lang.invoke.DirectMethodHandle$Holder.invokeStaticInit(java.lang.Object, java.lang.Object, int, long)'> (0x00000000890c9ee8) 
thrown [./open/src/hotspot/share/interpreter/linkResolver.cpp, line 782]
Event: 1.009 Thread 0x000001541def7010 Exception <a 'java/lang/NoSuchMethodError'{0x00000000890cf9b8}: 'java.lang.Object java.lang.invoke.DirectMethodHandle$Holder.newInvokeSpecial(java.lang.Object, java.lang.Object, int)'> (0x00000000890cf9b8) 
thrown [./open/src/hotspot/share/interpreter/linkResolver.cpp, line 782]
Event: 1.013 Thread 0x000001541def7010 Exception <a 'java/lang/NoSuchMethodError'{0x00000000890ee1c0}: 'int java.lang.invoke.DirectMethodHandle$Holder.invokeStaticInit(java.lang.Object, java.lang.Object, long, long)'> (0x00000000890ee1c0) 
thrown [./open/src/hotspot/share/interpreter/linkResolver.cpp, line 782]
Event: 1.014 Thread 0x000001541def7010 Exception <a 'java/lang/NoSuchMethodError'{0x00000000890f4430}: 'java.lang.Object java.lang.invoke.DirectMethodHandle$Holder.newInvokeSpecial(java.lang.Object, java.lang.Object, long)'> (0x00000000890f4430) 
thrown [./open/src/hotspot/share/interpreter/linkResolver.cpp, line 782]
Event: 1.014 Thread 0x000001541def7010 Exception <a 'java/lang/NoSuchMethodError'{0x00000000890f81a0}: 'java.lang.Object java.lang.invoke.Invokers$Holder.linkToTargetMethod(java.lang.Object, long, java.lang.Object)'> (0x00000000890f81a0) 
thrown [./open/src/hotspot/share/interpreter/linkResolver.cpp, line 782]
Event: 1.015 Thread 0x000001541def7010 Exception <a 'java/lang/NoSuchMethodError'{0x00000000890ffa68}: 'int java.lang.invoke.DirectMethodHandle$Holder.invokeStaticInit(java.lang.Object, java.lang.Object, java.lang.Object, long)'> (0x00000000890ffa68) 
thrown [./open/src/hotspot/share/interpreter/linkResolver.cpp, line 782]
Event: 1.646 Thread 0x000001541def7010 Exception <a 'sun/nio/fs/WindowsException'{0x0000000088de6228}> (0x0000000088de6228) 
thrown [./open/src/hotspot/share/prims/jni.cpp, line 578]
Event: 1.646 Thread 0x000001541def7010 Exception <a 'sun/nio/fs/WindowsException'{0x0000000088de65d0}> (0x0000000088de65d0) 
thrown [./open/src/hotspot/share/prims/jni.cpp, line 578]
Event: 1.675 Thread 0x000001541def7010 Exception <a 'sun/nio/fs/WindowsException'{0x0000000088c4b328}> (0x0000000088c4b328) 
thrown [./open/src/hotspot/share/prims/jni.cpp, line 578]
Event: 1.676 Thread 0x000001541def7010 Exception <a 'sun/nio/fs/WindowsException'{0x0000000088c4b6d8}> (0x0000000088c4b6d8) 
thrown [./open/src/hotspot/share/prims/jni.cpp, line 578]
Event: 1.685 Thread 0x000001541def7010 Exception <a 'sun/nio/fs/WindowsException'{0x0000000088c6e348}> (0x0000000088c6e348) 
thrown [./open/src/hotspot/share/prims/jni.cpp, line 578]
Event: 1.685 Thread 0x000001541def7010 Exception <a 'sun/nio/fs/WindowsException'{0x0000000088c6e638}> (0x0000000088c6e638) 
thrown [./open/src/hotspot/share/prims/jni.cpp, line 578]

Events (20 events):
Event: 1.881 loading class jdk/internal/logger/SurrogateLogger done
Event: 1.881 loading class java/lang/System$Logger$Level
Event: 1.881 loading class java/lang/System$Logger$Level done
Event: 1.881 loading class sun/util/logging/PlatformLogger
Event: 1.881 loading class sun/util/logging/PlatformLogger done
Event: 1.881 loading class sun/util/logging/PlatformLogger$Level
Event: 1.881 loading class sun/util/logging/PlatformLogger$Level done
Event: 1.881 loading class jdk/internal/logger/SimpleConsoleLogger$Formatting
Event: 1.881 loading class jdk/internal/logger/SimpleConsoleLogger$Formatting done
Event: 1.881 loading class java/util/logging/ErrorManager
Event: 1.881 loading class java/util/logging/ErrorManager done
Event: 1.882 loading class java/util/logging/Handler$1
Event: 1.882 loading class java/util/logging/Handler$1 done
Event: 1.882 loading class java/util/logging/StreamHandler$1
Event: 1.882 loading class java/util/logging/StreamHandler$1 done
Event: 1.915 loading class java/util/Vector$Itr
Event: 1.915 loading class java/util/Vector$Itr done
Event: 1.917 Thread 0x0000015449911240 Thread added: 0x0000015449911240
Event: 1.918 loading class java/util/logging/LogRecord
Event: 1.919 loading class java/util/logging/LogRecord done


Dynamic libraries:
0x00007ff6c3d10000 - 0x00007ff6c3d1f000 	C:\Program Files\Java\jdk-15\bin\java.exe
0x00007ffd767b0000 - 0x00007ffd769a8000 	C:\WINDOWS\SYSTEM32\ntdll.dll
0x00007ffd75690000 - 0x00007ffd7574f000 	C:\WINDOWS\System32\KERNEL32.DLL
0x00007ffd743f0000 - 0x00007ffd746c2000 	C:\WINDOWS\System32\KERNELBASE.dll
0x00007ffd746d0000 - 0x00007ffd747d0000 	C:\WINDOWS\System32\ucrtbase.dll
0x00007ffd53fe0000 - 0x00007ffd53ff9000 	C:\Program Files\Java\jdk-15\bin\VCRUNTIME140.dll
0x00007ffd53920000 - 0x00007ffd53938000 	C:\Program Files\Java\jdk-15\bin\jli.dll
0x00007ffd74f00000 - 0x00007ffd74fae000 	C:\WINDOWS\System32\ADVAPI32.dll
0x00007ffd75b10000 - 0x00007ffd75bae000 	C:\WINDOWS\System32\msvcrt.dll
0x00007ffd75170000 - 0x00007ffd7520c000 	C:\WINDOWS\System32\sechost.dll
0x00007ffd75560000 - 0x00007ffd75684000 	C:\WINDOWS\System32\RPCRT4.dll
0x00007ffd75380000 - 0x00007ffd75521000 	C:\WINDOWS\System32\USER32.dll
0x00007ffd747d0000 - 0x00007ffd747f2000 	C:\WINDOWS\System32\win32u.dll
0x00007ffd5b000000 - 0x00007ffd5b29a000 	C:\WINDOWS\WinSxS\amd64_microsoft.windows.common-controls_6595b64144ccf1df_6.0.19041.1110_none_60b5254171f9507e\COMCTL32.dll
0x00007ffd75070000 - 0x00007ffd7509b000 	C:\WINDOWS\System32\GDI32.dll
0x00007ffd742e0000 - 0x00007ffd743ef000 	C:\WINDOWS\System32\gdi32full.dll
0x00007ffd73eb0000 - 0x00007ffd73f4d000 	C:\WINDOWS\System32\msvcp_win.dll
0x00007ffd6beb0000 - 0x00007ffd6beba000 	C:\WINDOWS\SYSTEM32\VERSION.dll
0x00007ffd75530000 - 0x00007ffd75560000 	C:\WINDOWS\System32\IMM32.DLL
0x00007ffd6ddc0000 - 0x00007ffd6ddcc000 	C:\Program Files\Java\jdk-15\bin\vcruntime140_1.dll
0x00007ffd4e2f0000 - 0x00007ffd4e381000 	C:\Program Files\Java\jdk-15\bin\msvcp140.dll
0x00007ffd16fa0000 - 0x00007ffd17afc000 	C:\Program Files\Java\jdk-15\bin\server\jvm.dll
0x00007ffd75370000 - 0x00007ffd75378000 	C:\WINDOWS\System32\PSAPI.DLL
0x00007ffd6e560000 - 0x00007ffd6e569000 	C:\WINDOWS\SYSTEM32\WSOCK32.dll
0x00007ffd614a0000 - 0x00007ffd614c7000 	C:\WINDOWS\SYSTEM32\WINMM.dll
0x00007ffd750a0000 - 0x00007ffd7510b000 	C:\WINDOWS\System32\WS2_32.dll
0x00007ffd71d70000 - 0x00007ffd71d82000 	C:\WINDOWS\SYSTEM32\kernel.appcore.dll
0x00007ffd53fd0000 - 0x00007ffd53fda000 	C:\Program Files\Java\jdk-15\bin\jimage.dll
0x00007ffd63b00000 - 0x00007ffd63ce4000 	C:\WINDOWS\SYSTEM32\DBGHELP.DLL
0x00007ffd639f0000 - 0x00007ffd63a25000 	C:\WINDOWS\SYSTEM32\dbgcore.DLL
0x00007ffd741b0000 - 0x00007ffd74232000 	C:\WINDOWS\System32\bcryptPrimitives.dll
0x00007ffd6faa0000 - 0x00007ffd6faae000 	C:\Program Files\Java\jdk-15\bin\instrument.dll
0x00007ffd513f0000 - 0x00007ffd51415000 	C:\Program Files\Java\jdk-15\bin\java.dll
0x00007ffd75fc0000 - 0x00007ffd76705000 	C:\WINDOWS\System32\SHELL32.dll
0x00007ffd71f70000 - 0x00007ffd72702000 	C:\WINDOWS\SYSTEM32\windows.storage.dll
0x00007ffd757b0000 - 0x00007ffd75b05000 	C:\WINDOWS\System32\combase.dll
0x00007ffd73910000 - 0x00007ffd73940000 	C:\WINDOWS\SYSTEM32\Wldp.dll
0x00007ffd75e80000 - 0x00007ffd75f2d000 	C:\WINDOWS\System32\SHCORE.dll
0x00007ffd75750000 - 0x00007ffd757a5000 	C:\WINDOWS\System32\shlwapi.dll
0x00007ffd73df0000 - 0x00007ffd73e0f000 	C:\WINDOWS\SYSTEM32\profapi.dll
0x00007ffd4e2b0000 - 0x00007ffd4e2c8000 	C:\Program Files\Java\jdk-15\bin\zip.dll
0x00007ffd50cd0000 - 0x00007ffd50ce9000 	C:\Program Files\Java\jdk-15\bin\net.dll
0x00007ffd6b8f0000 - 0x00007ffd6b9fa000 	C:\WINDOWS\SYSTEM32\WINHTTP.dll
0x00007ffd73670000 - 0x00007ffd736da000 	C:\WINDOWS\system32\mswsock.dll
0x00007ffd4e2d0000 - 0x00007ffd4e2e2000 	C:\Program Files\Java\jdk-15\bin\nio.dll
0x00007ffd6fa20000 - 0x00007ffd6fa3a000 	J:\IntelliJ IDEA Community Edition 2022.3.1\bin\breakgen64.dll
0x00007ffd509c0000 - 0x00007ffd509d0000 	C:\Program Files\Java\jdk-15\bin\verify.dll
0x00007ffd54240000 - 0x00007ffd542b5000 	C:\Users\Olando\AppData\Local\Temp\lwjglOlando\3.3.1-build-7\lwjgl.dll
0x00007ffd4c620000 - 0x00007ffd4c681000 	C:\Users\Olando\AppData\Local\Temp\lwjglOlando\3.3.1-build-7\glfw.dll
0x00007ffd541f0000 - 0x00007ffd54235000 	C:\WINDOWS\SYSTEM32\dinput8.dll
0x00007ffd35b80000 - 0x00007ffd35b91000 	C:\WINDOWS\SYSTEM32\xinput1_4.dll
0x00007ffd73f50000 - 0x00007ffd73f9e000 	C:\WINDOWS\System32\cfgmgr32.dll
0x00007ffd73c60000 - 0x00007ffd73c8c000 	C:\WINDOWS\SYSTEM32\DEVOBJ.dll
0x00007ffd71c60000 - 0x00007ffd71c8f000 	C:\WINDOWS\SYSTEM32\dwmapi.dll
0x00007ffd5ee10000 - 0x00007ffd5ef62000 	C:\WINDOWS\SYSTEM32\inputhost.dll
0x00007ffd74820000 - 0x00007ffd748ed000 	C:\WINDOWS\System32\OLEAUT32.dll
0x00007ffd713b0000 - 0x00007ffd714a2000 	C:\WINDOWS\SYSTEM32\CoreMessaging.dll
0x00007ffd6f860000 - 0x00007ffd6f956000 	C:\WINDOWS\SYSTEM32\PROPSYS.dll
0x00007ffd70980000 - 0x00007ffd70ad4000 	C:\WINDOWS\SYSTEM32\wintypes.dll
0x00007ffd71050000 - 0x00007ffd713ae000 	C:\WINDOWS\SYSTEM32\CoreUIComponents.dll
0x00007ffd73040000 - 0x00007ffd73073000 	C:\WINDOWS\SYSTEM32\ntmarta.dll
0x00007ffd718a0000 - 0x00007ffd7193e000 	C:\WINDOWS\system32\uxtheme.dll
0x00007ffd75bb0000 - 0x00007ffd75cc4000 	C:\WINDOWS\System32\MSCTF.dll
0x00007ffd2c210000 - 0x00007ffd2c335000 	C:\WINDOWS\SYSTEM32\opengl32.dll
0x00007ffd34c10000 - 0x00007ffd34c3c000 	C:\WINDOWS\SYSTEM32\GLU32.dll
0x00007ffd74fb0000 - 0x00007ffd75059000 	C:\WINDOWS\System32\clbcatq.dll
0x00007ffd11b20000 - 0x00007ffd15778000 	C:\WINDOWS\System32\DriverStore\FileRepository\nvaci.inf_amd64_0141c6d660e4d11a\nvoglv64.dll
0x00007ffd74900000 - 0x00007ffd74d68000 	C:\WINDOWS\System32\SETUPAPI.dll
0x00007ffd74240000 - 0x00007ffd74267000 	C:\WINDOWS\System32\bcrypt.dll
0x00007ffd74d70000 - 0x00007ffd74e9a000 	C:\WINDOWS\System32\ole32.dll
0x00007ffd6fb80000 - 0x00007ffd6fb94000 	C:\WINDOWS\SYSTEM32\WTSAPI32.dll
0x00007ffd73aa0000 - 0x00007ffd73ab2000 	C:\WINDOWS\SYSTEM32\msasn1.dll
0x00007ffd6b840000 - 0x00007ffd6b871000 	C:\WINDOWS\SYSTEM32\cryptnet.dll
0x00007ffd73fa0000 - 0x00007ffd740f6000 	C:\WINDOWS\System32\CRYPT32.dll
0x00007ffd6b5e0000 - 0x00007ffd6b728000 	C:\WINDOWS\SYSTEM32\drvstore.dll
0x00007ffd73880000 - 0x00007ffd7388c000 	C:\WINDOWS\SYSTEM32\cryptbase.dll
0x00007ffd74270000 - 0x00007ffd742d9000 	C:\WINDOWS\System32\WINTRUST.dll
0x00007ffd6a220000 - 0x00007ffd6a25b000 	C:\WINDOWS\SYSTEM32\dxcore.dll
0x00007ffd2bc10000 - 0x00007ffd2bee1000 	C:\WINDOWS\system32\nvspcap64.dll
0x00007ffd73430000 - 0x00007ffd7347b000 	C:\WINDOWS\SYSTEM32\powrprof.dll
0x00007ffd732f0000 - 0x00007ffd73302000 	C:\WINDOWS\SYSTEM32\UMPDC.dll
0x00007ffd72bb0000 - 0x00007ffd72c14000 	C:\WINDOWS\SYSTEM32\WINSTA.dll
0x00007ffd72770000 - 0x00007ffd72863000 	C:\WINDOWS\system32\dxgi.dll
0x00007ffd6fba0000 - 0x00007ffd6fe03000 	C:\WINDOWS\system32\d3d11.dll
0x00007ffd40940000 - 0x00007ffd409fd000 	C:\WINDOWS\System32\DriverStore\FileRepository\nvaci.inf_amd64_0141c6d660e4d11a\nvldumdx.dll
0x00007ffd74800000 - 0x00007ffd7481d000 	C:\WINDOWS\System32\imagehlp.dll
0x00007ffd73860000 - 0x00007ffd73878000 	C:\WINDOWS\SYSTEM32\CRYPTSP.dll
0x00007ffd72f20000 - 0x00007ffd72f54000 	C:\WINDOWS\system32\rsaenh.dll
0x00007ffd3b4c0000 - 0x00007ffd40940000 	C:\WINDOWS\System32\DriverStore\FileRepository\nvaci.inf_amd64_0141c6d660e4d11a\nvwgf2umx.dll
0x00007ffd592b0000 - 0x00007ffd599e7000 	C:\WINDOWS\System32\DriverStore\FileRepository\nvaci.inf_amd64_0141c6d660e4d11a\Display.NvContainer\MessageBus.dll
0x00007ffd73310000 - 0x00007ffd7334b000 	C:\WINDOWS\SYSTEM32\IPHLPAPI.DLL
0x00007ffd748f0000 - 0x00007ffd748f8000 	C:\WINDOWS\System32\NSI.dll
0x00007ffd6d4f0000 - 0x00007ffd6d50d000 	C:\WINDOWS\SYSTEM32\dhcpcsvc.DLL
0x00007ffd64800000 - 0x00007ffd64fb2000 	C:\WINDOWS\SYSTEM32\nvapi64.dll
0x00007ffd684d0000 - 0x00007ffd69812000 	C:\WINDOWS\System32\DriverStore\FileRepository\iigd_dch.inf_amd64_4e3e4ea17d9f0843\igd10iumd64.dll
0x00007ffd73980000 - 0x00007ffd739a7000 	C:\WINDOWS\SYSTEM32\ncrypt.dll
0x00007ffd71700000 - 0x00007ffd71790000 	C:\WINDOWS\SYSTEM32\apphelp.dll
0x00007ffd73940000 - 0x00007ffd7397b000 	C:\WINDOWS\SYSTEM32\NTASN1.dll
0x00007ffd681b0000 - 0x00007ffd682ca000 	C:\WINDOWS\System32\DriverStore\FileRepository\iigd_dch.inf_amd64_4e3e4ea17d9f0843\igdgmm64.dll
0x00007ffd661b0000 - 0x00007ffd68157000 	C:\WINDOWS\System32\DriverStore\FileRepository\iigd_dch.inf_amd64_4e3e4ea17d9f0843\igc64.dll
0x00007ffd70ae0000 - 0x00007ffd70cc3000 	C:\WINDOWS\SYSTEM32\dcomp.dll
0x00007ffd5fe90000 - 0x00007ffd5ff89000 	C:\WINDOWS\SYSTEM32\textinputframework.dll
0x00007ffd34830000 - 0x00007ffd34a89000 	C:\Users\Olando\AppData\Local\Temp\lwjglOlando\3.3.1-build-7\jemalloc.dll
0x00007ffd443d0000 - 0x00007ffd4442d000 	C:\Users\Olando\AppData\Local\Temp\lwjglOlando\3.3.1-build-7\lwjgl_opengl.dll

dbghelp: loaded successfully - version: 4.0.5 - missing functions: none
symbol engine: initialized successfully - sym options: 0x614 - pdb path: .;C:\Program Files\Java\jdk-15\bin;C:\WINDOWS\SYSTEM32;C:\WINDOWS\WinSxS\amd64_microsoft.windows.common-controls_6595b64144ccf1df_6.0.19041.1110_none_60b5254171f9507e;C:\Program Files\Java\jdk-15\bin\server;J:\IntelliJ IDEA Community Edition 2022.3.1\bin;C:\Users\Olando\AppData\Local\Temp\lwjglOlando\3.3.1-build-7;C:\WINDOWS\System32\DriverStore\FileRepository\nvaci.inf_amd64_0141c6d660e4d11a;C:\WINDOWS\System32\DriverStore\FileRepository\nvaci.inf_amd64_0141c6d660e4d11a\Display.NvContainer;C:\WINDOWS\System32\DriverStore\FileRepository\iigd_dch.inf_amd64_4e3e4ea17d9f0843

VM Arguments:
jvm_args: -javaagent:J:\IntelliJ IDEA Community Edition 2022.3.1\lib\idea_rt.jar=50383:J:\IntelliJ IDEA Community Edition 2022.3.1\bin -Dfile.encoding=UTF-8 
java_command: test.yaw.RotatingObj
java_class_path (initial): C:\Users\Olando\Desktop\git\yaw-engine\target\classes;C:\Users\Olando\.m2\repository\nrepl\nrepl\1.0.0\nrepl-1.0.0.jar;C:\Users\Olando\.m2\repository\org\clojure\clojure\1.11.1\clojure-1.11.1.jar;C:\Users\Olando\.m2\repository\org\clojure\core.specs.alpha\0.2.62\core.specs.alpha-0.2.62.jar;C:\Users\Olando\.m2\repository\org\clojure\spec.alpha\0.3.218\spec.alpha-0.3.218.jar;C:\Users\Olando\.m2\repository\org\joml\joml\1.10.5\joml-1.10.5.jar;C:\Users\Olando\.m2\repository\org\l33tlabs\twl\pngdecoder\1.0\pngdecoder-1.0.jar;C:\Users\Olando\.m2\repository\org\lwjgl\lwjgl-assimp\3.3.1\lwjgl-assimp-3.3.1.jar;C:\Users\Olando\.m2\repository\org\lwjgl\lwjgl-assimp\3.3.1\lwjgl-assimp-3.3.1-natives-linux.jar;C:\Users\Olando\.m2\repository\org\lwjgl\lwjgl-assimp\3.3.1\lwjgl-assimp-3.3.1-natives-macos.jar;C:\Users\Olando\.m2\repository\org\lwjgl\lwjgl-assimp\3.3.1\lwjgl-assimp-3.3.1-natives-macos-arm64.jar;C:\Users\Olando\.m2\repository\org\lwjgl\lwjgl-assimp\3.3.1\lwjgl-assimp-3.3.1-natives-windows.jar;C:\Users\Olando\.m2\repository\org\lwjgl\lwjgl-bgfx\3.3.1\lwjgl-bgfx-3.3.1.jar;C:\Users\Olando\.m2\repository\org\lwjgl\lwjgl-bgfx\3.3.1\lwjgl-bgfx-3.3.1-natives-linux.jar;C:\Users\Olando\.m2\repository\org\lwjgl\lwjgl-bgfx\3.3.1\lwjgl-bgfx-3.3.1-natives-macos.jar;C:\Users\Olando\.m2\repository\org\lwjgl\lwjgl-bgfx\3.3.1\lwjgl-bgfx-3.3.1-natives-macos-arm64.jar;C:\Users\Olando\.m2\repository\org\lwjgl\lwjgl-bgfx\3.3.1\lwjgl-bgfx-3.3.1-natives-windows.jar;C:\Users\Olando\.m2\repository\org\lwjgl\lwjgl-egl\3.3.1\lwjgl-egl-3.3.1.jar;C:\Users\Olando\.m2\repository\org\lwjgl\lwjgl-glfw\3.3.1\lwjgl-glfw-3.3.1.jar;C:\Users\Olando\.m2\repository\org\lwjgl\lwjgl-glfw\3.3.1\lwjgl-glfw-3.3.1-natives-linux.jar;C:\Users\Olando\.m2\repository\org\lwjgl\lwjgl-glfw\3.3.1\lwjgl-glfw-3.3.1-natives-macos.jar;C:\Users\Olando\.m2\repository\org\lwjgl\lwjgl-glfw\3.3.1\lwjgl-glfw-3.3.1-natives-macos-arm64.jar;C:\Users\Olando\.m2\repository\org\lwjgl\lwjgl-glfw\3.3.1\lwjgl-gl
Launcher Type: SUN_STANDARD

[Global flags]
     intx CICompilerCount                          = 4                                         {product} {ergonomic}
     uint ConcGCThreads                            = 2                                         {product} {ergonomic}
     uint G1ConcRefinementThreads                  = 8                                         {product} {ergonomic}
   size_t G1HeapRegionSize                         = 1048576                                   {product} {ergonomic}
    uintx GCDrainStackTargetSize                   = 64                                        {product} {ergonomic}
   size_t InitialHeapSize                          = 132120576                                 {product} {ergonomic}
   size_t MarkStackSize                            = 4194304                                   {product} {ergonomic}
   size_t MaxHeapSize                              = 2109734912                                {product} {ergonomic}
   size_t MaxNewSize                               = 1265631232                                {product} {ergonomic}
   size_t MinHeapDeltaBytes                        = 1048576                                   {product} {ergonomic}
   size_t MinHeapSize                              = 8388608                                   {product} {ergonomic}
    uintx NonNMethodCodeHeapSize                   = 5839372                                {pd product} {ergonomic}
    uintx NonProfiledCodeHeapSize                  = 122909434                              {pd product} {ergonomic}
    uintx ProfiledCodeHeapSize                     = 122909434                              {pd product} {ergonomic}
    uintx ReservedCodeCacheSize                    = 251658240                              {pd product} {ergonomic}
     bool SegmentedCodeCache                       = true                                      {product} {ergonomic}
   size_t SoftMaxHeapSize                          = 2109734912                             {manageable} {ergonomic}
     bool UseCompressedClassPointers               = true                                 {lp64_product} {ergonomic}
     bool UseCompressedOops                        = true                                 {lp64_product} {ergonomic}
     bool UseG1GC                                  = true                                      {product} {ergonomic}
     bool UseLargePagesIndividualAllocation        = false                                  {pd product} {ergonomic}

Logging:
Log output configuration:
 #0: stdout all=warning uptime,level,tags
 #1: stderr all=off uptime,level,tags

Environment Variables:
PATH=C:\Program Files\Common Files\Oracle\Java\javapath;C:\Program Files (x86)\Common Files\Oracle\Java\javapath;C:\Windows\system32;C:\Windows;C:\Windows\System32\Wbem;C:\Windows\System32\WindowsPowerShell\v1.0\;C:\Windows\System32\OpenSSH\;C:\Program Files (x86)\NVIDIA Corporation\PhysX\Common;C:\WINDOWS\system32;C:\WINDOWS;C:\WINDOWS\System32\Wbem;C:\WINDOWS\System32\WindowsPowerShell\v1.0\;C:\WINDOWS\System32\OpenSSH\;C:\TDM-GCC-64\bin;C:\TDM-GCC-32\bin;C:\Program Files\Java\jdk-15;C:\Program Files\NVIDIA Corporation\NVIDIA NvDLISR;C:\glpk-4.65\w64;C:\MinGW\bin;C:\Python27;C:\Program Files (x86)\Graphviz 2.44.1\bin;C:\Program Files\dotnet\;C:\Program Files\Git\cmd;C:\Users\Olando\AppData\Local\Microsoft\WindowsApps;C:\Users\Olando\AppData\Local\Microsoft\WindowsApps;C:\Program Files\JetBrains\IntelliJ IDEA Community Edition 2020.2.3\bin;C:\Program Files\JetBrains\CLion 2020.2.4\bin;J:\vs\Microsoft VS Code\bin
USERNAME=Olando
OS=Windows_NT
PROCESSOR_IDENTIFIER=Intel64 Family 6 Model 142 Stepping 11, GenuineIntel



---------------  S Y S T E M  ---------------

OS:
 Windows 10 , 64 bit Build 19041 (10.0.19041.2546)
OS uptime: 0 days 1:25 hours

CPU: total 8 (initial active 8) (4 cores per cpu, 2 threads per core) family 6 model 142 stepping 11, cmov, cx8, fxsr, mmx, sse, sse2, sse3, ssse3, sse4.1, sse4.2, popcnt, vzeroupper, avx, avx2, aes, clmul, erms, 3dnowpref, lzcnt, ht, tsc, tscinvbit, bmi1, bmi2, adx, fma, clflush, clflushopt

Memory: 4k page, system-wide physical 8042M (1101M free)
TotalPageFile size 15210M (AvailPageFile size 6490M)
current process WorkingSet (physical memory assigned to process): 146M, peak: 151M
current process commit charge ("private bytes"): 334M, peak: 338M

vm_info: Java HotSpot(TM) 64-Bit Server VM (15+36-1562) for windows-amd64 JRE (15+36-1562), built on Aug 11 2020 22:38:02 by "mach5one" with unknown MS VC++:1925

END.
